[debug] [2022-06-27T07:28:36.603Z] ----------------------------------------------------------------------
[debug] [2022-06-27T07:28:36.604Z] Command:       /Users/kemal/.nvm/versions/node/v16.15.0/bin/node /Users/kemal/.nvm/versions/node/v16.15.0/bin/firebase init
[debug] [2022-06-27T07:28:36.605Z] CLI Version:   11.1.0
[debug] [2022-06-27T07:28:36.605Z] Platform:      darwin
[debug] [2022-06-27T07:28:36.605Z] Node Version:  v16.15.0
[debug] [2022-06-27T07:28:36.606Z] Time:          Mon Jun 27 2022 09:28:36 GMT+0200 (Mitteleuropäische Sommerzeit)
[debug] [2022-06-27T07:28:36.607Z] ----------------------------------------------------------------------
[debug] 
[debug] [2022-06-27T07:28:36.617Z] > command requires scopes: ["email","openid","https://www.googleapis.com/auth/cloudplatformprojects.readonly","https://www.googleapis.com/auth/firebase","https://www.googleapis.com/auth/cloud-platform"]
[debug] [2022-06-27T07:28:36.620Z] > authorizing via signed-in user (mustafa.kemal.oecel@gmail.com)
[info] 
     ######## #### ########  ######## ########     ###     ######  ########
     ##        ##  ##     ## ##       ##     ##  ##   ##  ##       ##
     ######    ##  ########  ######   ########  #########  ######  ######
     ##        ##  ##    ##  ##       ##     ## ##     ##       ## ##
     ##       #### ##     ## ######## ########  ##     ##  ######  ########

You're about to initialize a Firebase project in this directory:

  /Users/kemal/workspaces/demo/angular-pro/angular-pro-app-seed

[info] 
=== Project Setup
[info] 
[info] First, let's associate this project directory with a Firebase project.
[info] You can create multiple project aliases by running firebase use --add, 
[info] but for now we'll just set up a default project.
[info] 
[debug] [2022-06-27T07:29:54.701Z] >>> [apiv2][query] GET https://firebase.googleapis.com/v1beta1/projects pageSize=100
[debug] [2022-06-27T07:29:55.147Z] <<< [apiv2][status] GET https://firebase.googleapis.com/v1beta1/projects 200
[debug] [2022-06-27T07:29:55.150Z] <<< [apiv2][body] GET https://firebase.googleapis.com/v1beta1/projects [omitted]
[info] i  Using project fitness-app-c722c (Fitness App) 
[info] 
=== Database Setup
[info] i  database: ensuring required API firebasedatabase.googleapis.com is enabled... 
[debug] [2022-06-27T07:29:59.835Z] >>> [apiv2][query] GET https://serviceusage.googleapis.com/v1/projects/fitness-app-c722c/services/firebasedatabase.googleapis.com [none]
[debug] [2022-06-27T07:30:00.684Z] <<< [apiv2][status] GET https://serviceusage.googleapis.com/v1/projects/fitness-app-c722c/services/firebasedatabase.googleapis.com 200
[debug] [2022-06-27T07:30:00.685Z] <<< [apiv2][body] GET https://serviceusage.googleapis.com/v1/projects/fitness-app-c722c/services/firebasedatabase.googleapis.com [omitted]
[info] ✔  database: required API firebasedatabase.googleapis.com is enabled 
[info] 
[debug] [2022-06-27T07:30:00.688Z] >>> [apiv2][query] GET https://firebasedatabase.googleapis.com/v1beta/projects/fitness-app-c722c/locations/-/instances/fitness-app-c722c-default-rtdb [none]
[debug] [2022-06-27T07:30:00.964Z] <<< [apiv2][status] GET https://firebasedatabase.googleapis.com/v1beta/projects/fitness-app-c722c/locations/-/instances/fitness-app-c722c-default-rtdb 200
[debug] [2022-06-27T07:30:00.964Z] <<< [apiv2][body] GET https://firebasedatabase.googleapis.com/v1beta/projects/fitness-app-c722c/locations/-/instances/fitness-app-c722c-default-rtdb {"name":"projects/88232428620/locations/europe-west1/instances/fitness-app-c722c-default-rtdb","project":"projects/88232428620","databaseUrl":"https://fitness-app-c722c-default-rtdb.europe-west1.firebasedatabase.app","type":"DEFAULT_DATABASE","state":"ACTIVE"}
[info] 
[info] Firebase Realtime Database Security Rules allow you to define how your data should be
[info] structured and when your data can be read from and written to.
[info] 
[debug] [2022-06-27T07:30:09.220Z] >>> [apiv2][query] GET https://fitness-app-c722c-default-rtdb.europe-west1.firebasedatabase.app/.settings/rules.json [none]
[debug] [2022-06-27T07:30:09.356Z] <<< [apiv2][status] GET https://fitness-app-c722c-default-rtdb.europe-west1.firebasedatabase.app/.settings/rules.json 200
[debug] [2022-06-27T07:30:09.356Z] <<< [apiv2][body] GET https://fitness-app-c722c-default-rtdb.europe-west1.firebasedatabase.app/.settings/rules.json [stream]
[info] ✔  Database Rules for fitness-app-c722c-default-rtdb have been written to database.rules.json. 
[info] Future modifications to database.rules.json will update Realtime Database Security Rules when you run
[info] firebase deploy.
[info] 
=== Hosting Setup
[info] 
[info] Your public directory is the folder (relative to your project directory) that
[info] will contain Hosting assets to be uploaded with firebase deploy. If you
[info] have a build process for your assets, use your build's output directory.
[info] 
[debug] [2022-06-27T07:30:16.697Z] >>> [apiv2][query] GET https://www.gstatic.com/firebasejs/releases.json [none]
[debug] [2022-06-27T07:30:16.771Z] <<< [apiv2][status] GET https://www.gstatic.com/firebasejs/releases.json 200
[debug] [2022-06-27T07:30:16.771Z] <<< [apiv2][body] GET https://www.gstatic.com/firebasejs/releases.json {"current":{"version":"9.8.4","browserURL":"https://www.gstatic.com/firebasejs/9.8.4/firebase.js","packageURL":"https://www.gstatic.com/firebasejs/9.8.4/firebase.tgz"},"live":{"version":"9.8","browserURL":"https://www.gstatic.com/firebasejs/live/9.8/firebase.js","packageURL":"https://www.gstatic.com/firebasejs/live/9.8/firebase.tgz"},"components":{"analytics":"https://www.gstatic.com/firebasejs/9.8.4/firebase-analytics.js","app":"https://www.gstatic.com/firebasejs/9.8.4/firebase-app.js","app-check":"https://www.gstatic.com/firebasejs/9.8.4/firebase-app-check.js","auth":"https://www.gstatic.com/firebasejs/9.8.4/firebase-auth.js","auth/cordova":"https://www.gstatic.com/firebasejs/9.8.4/firebase-auth/cordova.js","auth/react-native":"https://www.gstatic.com/firebasejs/9.8.4/firebase-auth/react-native.js","functions":"https://www.gstatic.com/firebasejs/9.8.4/firebase-functions.js","firestore":"https://www.gstatic.com/firebasejs/9.8.4/firebase-firestore.js","firestore/lite":"https://www.gstatic.com/firebasejs/9.8.4/firebase-firestore/lite.js","storage":"https://www.gstatic.com/firebasejs/9.8.4/firebase-storage.js","performance":"https://www.gstatic.com/firebasejs/9.8.4/firebase-performance.js","remote-config":"https://www.gstatic.com/firebasejs/9.8.4/firebase-remote-config.js","messaging":"https://www.gstatic.com/firebasejs/9.8.4/firebase-messaging.js","messaging/sw":"https://www.gstatic.com/firebasejs/9.8.4/firebase-messaging/sw.js","database":"https://www.gstatic.com/firebasejs/9.8.4/firebase-database.js","firestore.memory":"https://www.gstatic.com/firebasejs/9.8.4/firebase-firestore.memory.js"}}
[info] ✔  Wrote public/index.html 
[info] 
[info] i  Detected a .git folder at /Users/kemal/workspaces/demo/angular-pro/angular-pro-app-seed 
[info] i  Authorizing with GitHub to upload your service account to a GitHub repository's secrets store. 
[info] 
[info] Visit this URL on this device to log in:
[info] https://github.com/login/oauth/authorize?client_id=89cf50f02ac6aaed3484&state=373953195&redirect_uri=http%3A%2F%2Flocalhost%3A9005&scope=read%3Auser%20repo%20public_repo
[info] 
[info] Waiting for authentication...
[debug] [2022-06-27T07:30:30.096Z] >>> [apiv2][query] POST https://github.com/login/oauth/access_token [none]
[debug] [2022-06-27T07:30:30.097Z] >>> [apiv2][body] POST https://github.com/login/oauth/access_token [stream]
[debug] [2022-06-27T07:30:30.371Z] <<< [apiv2][status] POST https://github.com/login/oauth/access_token 200
[debug] [2022-06-27T07:30:30.371Z] <<< [apiv2][body] POST https://github.com/login/oauth/access_token {"access_token":"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","token_type":"bearer","scope":"read:user,repo"}
[debug] [2022-06-27T07:30:30.392Z] >>> [apiv2][query] GET https://api.github.com/user [none]
[debug] [2022-06-27T07:30:30.680Z] <<< [apiv2][status] GET https://api.github.com/user 200
[debug] [2022-06-27T07:30:30.682Z] <<< [apiv2][body] GET https://api.github.com/user {"login":"mkemaloecel","id":42477759,"node_id":"MDQ6VXNlcjQyNDc3NzU5","avatar_url":"https://avatars.githubusercontent.com/u/42477759?v=4","gravatar_id":"","url":"https://api.github.com/users/mkemaloecel","html_url":"https://github.com/mkemaloecel","followers_url":"https://api.github.com/users/mkemaloecel/followers","following_url":"https://api.github.com/users/mkemaloecel/following{/other_user}","gists_url":"https://api.github.com/users/mkemaloecel/gists{/gist_id}","starred_url":"https://api.github.com/users/mkemaloecel/starred{/owner}{/repo}","subscriptions_url":"https://api.github.com/users/mkemaloecel/subscriptions","organizations_url":"https://api.github.com/users/mkemaloecel/orgs","repos_url":"https://api.github.com/users/mkemaloecel/repos","events_url":"https://api.github.com/users/mkemaloecel/events{/privacy}","received_events_url":"https://api.github.com/users/mkemaloecel/received_events","type":"User","site_admin":false,"name":"Mustafa Kemal Öcel","company":null,"blog":"","location":null,"email":null,"hireable":null,"bio":null,"twitter_username":null,"public_repos":7,"public_gists":0,"followers":4,"following":5,"created_at":"2018-08-17T18:17:15Z","updated_at":"2022-06-17T11:47:18Z","private_gists":0,"total_private_repos":16,"owned_private_repos":16,"disk_usage":492261,"collaborators":3,"two_factor_authentication":false,"plan":{"name":"free","space":976562499,"collaborators":0,"private_repos":10000}}
[info] 
[info] ✔  Success! Logged into GitHub as mkemaloecel 
[info] 
[debug] [2022-06-27T07:30:34.177Z] >>> [apiv2][query] GET https://api.github.com/repos//actions/secrets/public-key type=owner
[debug] [2022-06-27T07:30:34.365Z] <<< [apiv2][status] GET https://api.github.com/repos//actions/secrets/public-key 404
[debug] [2022-06-27T07:30:34.365Z] <<< [apiv2][body] GET https://api.github.com/repos//actions/secrets/public-key {"message":"Not Found","documentation_url":"https://docs.github.com/rest"}
[debug] [2022-06-27T07:30:37.469Z] >>> [apiv2][query] GET https://api.github.com/repos//actions/secrets/public-key type=owner
[debug] [2022-06-27T07:30:37.660Z] <<< [apiv2][status] GET https://api.github.com/repos//actions/secrets/public-key 404
[debug] [2022-06-27T07:30:37.660Z] <<< [apiv2][body] GET https://api.github.com/repos//actions/secrets/public-key {"message":"Not Found","documentation_url":"https://docs.github.com/rest"}
[debug] [2022-06-27T07:31:03.307Z] >>> [apiv2][query] GET https://api.github.com/repos//actions/secrets/public-key type=owner
[debug] [2022-06-27T07:31:03.482Z] <<< [apiv2][status] GET https://api.github.com/repos//actions/secrets/public-key 404
[debug] [2022-06-27T07:31:03.482Z] <<< [apiv2][body] GET https://api.github.com/repos//actions/secrets/public-key {"message":"Not Found","documentation_url":"https://docs.github.com/rest"}
[debug] [2022-06-27T07:31:03.966Z] >>> [apiv2][query] GET https://api.github.com/repos//actions/secrets/public-key type=owner
[debug] [2022-06-27T07:31:04.135Z] <<< [apiv2][status] GET https://api.github.com/repos//actions/secrets/public-key 404
[debug] [2022-06-27T07:31:04.135Z] <<< [apiv2][body] GET https://api.github.com/repos//actions/secrets/public-key {"message":"Not Found","documentation_url":"https://docs.github.com/rest"}
[debug] [2022-06-27T07:31:04.148Z] >>> [apiv2][query] GET https://api.github.com/repos//actions/secrets/public-key type=owner
[debug] [2022-06-27T07:31:04.313Z] >>> [apiv2][query] GET https://api.github.com/repos//actions/secrets/public-key type=owner
[debug] [2022-06-27T07:31:04.321Z] <<< [apiv2][status] GET https://api.github.com/repos//actions/secrets/public-key 404
[debug] [2022-06-27T07:31:04.321Z] <<< [apiv2][body] GET https://api.github.com/repos//actions/secrets/public-key {"message":"Not Found","documentation_url":"https://docs.github.com/rest"}
[debug] [2022-06-27T07:31:04.475Z] <<< [apiv2][status] GET https://api.github.com/repos//actions/secrets/public-key 404
[debug] [2022-06-27T07:31:04.476Z] <<< [apiv2][body] GET https://api.github.com/repos//actions/secrets/public-key {"message":"Not Found","documentation_url":"https://docs.github.com/rest"}
[debug] [2022-06-27T07:31:20.706Z] >>> [apiv2][query] GET https://api.github.com/repos/mkemaloecel/actions/secrets/public-key type=owner
[debug] [2022-06-27T07:31:20.881Z] <<< [apiv2][status] GET https://api.github.com/repos/mkemaloecel/actions/secrets/public-key 404
[debug] [2022-06-27T07:31:20.882Z] <<< [apiv2][body] GET https://api.github.com/repos/mkemaloecel/actions/secrets/public-key {"message":"Not Found","documentation_url":"https://docs.github.com/rest"}
[debug] [2022-06-27T07:31:29.207Z] >>> [apiv2][query] GET https://api.github.com/repos/mkemaloecel/fitness-app/actions/secrets/public-key type=owner
[debug] [2022-06-27T07:31:29.379Z] <<< [apiv2][status] GET https://api.github.com/repos/mkemaloecel/fitness-app/actions/secrets/public-key 404
[debug] [2022-06-27T07:31:29.379Z] <<< [apiv2][body] GET https://api.github.com/repos/mkemaloecel/fitness-app/actions/secrets/public-key {"message":"Not Found","documentation_url":"https://docs.github.com/rest/reference/actions#get-a-repository-public-key"}
[debug] [2022-06-27T07:31:30.522Z] >>> [apiv2][query] GET https://api.github.com/repos/mkemaloecel/fitness-app/actions/secrets/public-key type=owner
[debug] [2022-06-27T07:31:30.694Z] <<< [apiv2][status] GET https://api.github.com/repos/mkemaloecel/fitness-app/actions/secrets/public-key 404
[debug] [2022-06-27T07:31:30.695Z] <<< [apiv2][body] GET https://api.github.com/repos/mkemaloecel/fitness-app/actions/secrets/public-key {"message":"Not Found","documentation_url":"https://docs.github.com/rest/reference/actions#get-a-repository-public-key"}
[debug] [2022-06-27T07:31:30.743Z] >>> [apiv2][query] GET https://api.github.com/repos/mkemaloecel/fitness-app/actions/secrets/public-key type=owner
[debug] [2022-06-27T07:31:30.931Z] <<< [apiv2][status] GET https://api.github.com/repos/mkemaloecel/fitness-app/actions/secrets/public-key 404
[debug] [2022-06-27T07:31:30.931Z] <<< [apiv2][body] GET https://api.github.com/repos/mkemaloecel/fitness-app/actions/secrets/public-key {"message":"Not Found","documentation_url":"https://docs.github.com/rest/reference/actions#get-a-repository-public-key"}
[debug] [2022-06-27T07:31:30.943Z] >>> [apiv2][query] GET https://api.github.com/repos/mkemaloecel/fitness-app/actions/secrets/public-key type=owner
[debug] [2022-06-27T07:31:31.134Z] <<< [apiv2][status] GET https://api.github.com/repos/mkemaloecel/fitness-app/actions/secrets/public-key 404
[debug] [2022-06-27T07:31:31.135Z] <<< [apiv2][body] GET https://api.github.com/repos/mkemaloecel/fitness-app/actions/secrets/public-key {"message":"Not Found","documentation_url":"https://docs.github.com/rest/reference/actions#get-a-repository-public-key"}
[debug] [2022-06-27T07:31:31.138Z] >>> [apiv2][query] GET https://api.github.com/repos/mkemaloecel/fitness-app/actions/secrets/public-key type=owner
[debug] [2022-06-27T07:31:31.316Z] >>> [apiv2][query] GET https://api.github.com/repos//actions/secrets/public-key type=owner
[debug] [2022-06-27T07:31:31.326Z] <<< [apiv2][status] GET https://api.github.com/repos/mkemaloecel/fitness-app/actions/secrets/public-key 404
[debug] [2022-06-27T07:31:31.326Z] <<< [apiv2][body] GET https://api.github.com/repos/mkemaloecel/fitness-app/actions/secrets/public-key {"message":"Not Found","documentation_url":"https://docs.github.com/rest/reference/actions#get-a-repository-public-key"}
[debug] [2022-06-27T07:31:31.486Z] <<< [apiv2][status] GET https://api.github.com/repos//actions/secrets/public-key 404
[debug] [2022-06-27T07:31:31.487Z] <<< [apiv2][body] GET https://api.github.com/repos//actions/secrets/public-key {"message":"Not Found","documentation_url":"https://docs.github.com/rest"}
[debug] [2022-06-27T07:31:31.960Z] >>> [apiv2][query] GET https://api.github.com/repos/mkemaloecel/fitness-app/actions/secrets/public-key type=owner
[debug] [2022-06-27T07:31:32.138Z] >>> [apiv2][query] GET https://api.github.com/repos//actions/secrets/public-key type=owner
[debug] [2022-06-27T07:31:32.147Z] <<< [apiv2][status] GET https://api.github.com/repos/mkemaloecel/fitness-app/actions/secrets/public-key 404
[debug] [2022-06-27T07:31:32.147Z] <<< [apiv2][body] GET https://api.github.com/repos/mkemaloecel/fitness-app/actions/secrets/public-key {"message":"Not Found","documentation_url":"https://docs.github.com/rest/reference/actions#get-a-repository-public-key"}
[debug] [2022-06-27T07:31:32.326Z] <<< [apiv2][status] GET https://api.github.com/repos//actions/secrets/public-key 404
[debug] [2022-06-27T07:31:32.326Z] <<< [apiv2][body] GET https://api.github.com/repos//actions/secrets/public-key {"message":"Not Found","documentation_url":"https://docs.github.com/rest"}
[debug] [2022-06-27T07:31:32.339Z] >>> [apiv2][query] GET https://api.github.com/repos/mkemaloecel/fitness-app/actions/secrets/public-key type=owner
[debug] [2022-06-27T07:31:32.519Z] >>> [apiv2][query] GET https://api.github.com/repos//actions/secrets/public-key type=owner
[debug] [2022-06-27T07:31:32.524Z] <<< [apiv2][status] GET https://api.github.com/repos/mkemaloecel/fitness-app/actions/secrets/public-key 404
[debug] [2022-06-27T07:31:32.524Z] <<< [apiv2][body] GET https://api.github.com/repos/mkemaloecel/fitness-app/actions/secrets/public-key {"message":"Not Found","documentation_url":"https://docs.github.com/rest/reference/actions#get-a-repository-public-key"}
[debug] [2022-06-27T07:31:32.694Z] <<< [apiv2][status] GET https://api.github.com/repos//actions/secrets/public-key 404
[debug] [2022-06-27T07:31:32.694Z] <<< [apiv2][body] GET https://api.github.com/repos//actions/secrets/public-key {"message":"Not Found","documentation_url":"https://docs.github.com/rest"}
[debug] [2022-06-27T07:31:32.711Z] >>> [apiv2][query] GET https://api.github.com/repos/mkemaloecel/fitness-app/actions/secrets/public-key type=owner
[debug] [2022-06-27T07:31:32.903Z] <<< [apiv2][status] GET https://api.github.com/repos/mkemaloecel/fitness-app/actions/secrets/public-key 404
[debug] [2022-06-27T07:31:32.903Z] <<< [apiv2][body] GET https://api.github.com/repos/mkemaloecel/fitness-app/actions/secrets/public-key {"message":"Not Found","documentation_url":"https://docs.github.com/rest/reference/actions#get-a-repository-public-key"}
[debug] [2022-06-27T07:31:32.921Z] >>> [apiv2][query] GET https://api.github.com/repos/mkemaloecel/fitness-app/actions/secrets/public-key type=owner
[debug] [2022-06-27T07:31:33.093Z] <<< [apiv2][status] GET https://api.github.com/repos/mkemaloecel/fitness-app/actions/secrets/public-key 404
[debug] [2022-06-27T07:31:33.093Z] <<< [apiv2][body] GET https://api.github.com/repos/mkemaloecel/fitness-app/actions/secrets/public-key {"message":"Not Found","documentation_url":"https://docs.github.com/rest/reference/actions#get-a-repository-public-key"}
[debug] [2022-06-27T07:31:33.113Z] >>> [apiv2][query] GET https://api.github.com/repos/mkemaloecel/fitness-app/actions/secrets/public-key type=owner
[debug] [2022-06-27T07:31:33.288Z] <<< [apiv2][status] GET https://api.github.com/repos/mkemaloecel/fitness-app/actions/secrets/public-key 404
[debug] [2022-06-27T07:31:33.288Z] <<< [apiv2][body] GET https://api.github.com/repos/mkemaloecel/fitness-app/actions/secrets/public-key {"message":"Not Found","documentation_url":"https://docs.github.com/rest/reference/actions#get-a-repository-public-key"}
[debug] [2022-06-27T07:31:33.312Z] >>> [apiv2][query] GET https://api.github.com/repos/mkemaloecel/fitness-app/actions/secrets/public-key type=owner
[debug] [2022-06-27T07:31:33.482Z] <<< [apiv2][status] GET https://api.github.com/repos/mkemaloecel/fitness-app/actions/secrets/public-key 404
[debug] [2022-06-27T07:31:33.482Z] <<< [apiv2][body] GET https://api.github.com/repos/mkemaloecel/fitness-app/actions/secrets/public-key {"message":"Not Found","documentation_url":"https://docs.github.com/rest/reference/actions#get-a-repository-public-key"}
[debug] [2022-06-27T07:31:33.511Z] >>> [apiv2][query] GET https://api.github.com/repos/mkemaloecel/fitness-app/actions/secrets/public-key type=owner
[debug] [2022-06-27T07:31:33.689Z] <<< [apiv2][status] GET https://api.github.com/repos/mkemaloecel/fitness-app/actions/secrets/public-key 404
[debug] [2022-06-27T07:31:33.689Z] <<< [apiv2][body] GET https://api.github.com/repos/mkemaloecel/fitness-app/actions/secrets/public-key {"message":"Not Found","documentation_url":"https://docs.github.com/rest/reference/actions#get-a-repository-public-key"}
